<?xml version="1.0" encoding="UTF-8"?>
<testng-results skipped="0" failed="1" ignored="0" total="4" passed="3">
  <reporter-output>
  </reporter-output>
  <suite name="Default suite" duration-ms="51818" started-at="2019-11-10T04:24:52Z" finished-at="2019-11-10T04:25:44Z">
    <groups>
    </groups>
    <test name="Default test" duration-ms="51818" started-at="2019-11-10T04:24:52Z" finished-at="2019-11-10T04:25:44Z">
      <class name="mct.testrunner.myTestingTest">
        <test-method status="PASS" signature="rampUP()[pri:0, instance:mct.testrunner.myTestingTest@6d00a15d]" name="rampUP" is-config="true" duration-ms="7384" started-at="2019-11-10T04:24:52Z" finished-at="2019-11-10T04:25:00Z">
          <reporter-output>
          </reporter-output>
        </test-method> <!-- rampUP -->
        <test-method status="PASS" signature="logOut()[pri:0, instance:mct.testrunner.myTestingTest@6d00a15d]" name="logOut" duration-ms="6857" started-at="2019-11-10T04:25:00Z" finished-at="2019-11-10T04:25:06Z">
          <reporter-output>
          </reporter-output>
        </test-method> <!-- logOut -->
        <test-method status="PASS" signature="rampDown()[pri:0, instance:mct.testrunner.myTestingTest@6d00a15d]" name="rampDown" is-config="true" duration-ms="660" started-at="2019-11-10T04:25:06Z" finished-at="2019-11-10T04:25:07Z">
          <reporter-output>
          </reporter-output>
        </test-method> <!-- rampDown -->
        <test-method status="PASS" signature="rampUP()[pri:0, instance:mct.testrunner.myTestingTest@6d00a15d]" name="rampUP" is-config="true" duration-ms="5960" started-at="2019-11-10T04:25:07Z" finished-at="2019-11-10T04:25:13Z">
          <reporter-output>
          </reporter-output>
        </test-method> <!-- rampUP -->
        <test-method status="PASS" signature="login()[pri:0, instance:mct.testrunner.myTestingTest@6d00a15d]" name="login" duration-ms="3500" started-at="2019-11-10T04:25:13Z" finished-at="2019-11-10T04:25:17Z">
          <reporter-output>
          </reporter-output>
        </test-method> <!-- login -->
        <test-method status="PASS" signature="rampDown()[pri:0, instance:mct.testrunner.myTestingTest@6d00a15d]" name="rampDown" is-config="true" duration-ms="754" started-at="2019-11-10T04:25:17Z" finished-at="2019-11-10T04:25:17Z">
          <reporter-output>
          </reporter-output>
        </test-method> <!-- rampDown -->
        <test-method status="PASS" signature="rampUP()[pri:0, instance:mct.testrunner.myTestingTest@6d00a15d]" name="rampUP" is-config="true" duration-ms="5580" started-at="2019-11-10T04:25:17Z" finished-at="2019-11-10T04:25:23Z">
          <reporter-output>
          </reporter-output>
        </test-method> <!-- rampUP -->
        <test-method status="PASS" signature="myAccount()[pri:0, instance:mct.testrunner.myTestingTest@6d00a15d]" name="myAccount" duration-ms="6626" started-at="2019-11-10T04:25:23Z" finished-at="2019-11-10T04:25:30Z">
          <reporter-output>
          </reporter-output>
        </test-method> <!-- myAccount -->
        <test-method status="PASS" signature="rampDown()[pri:0, instance:mct.testrunner.myTestingTest@6d00a15d]" name="rampDown" is-config="true" duration-ms="667" started-at="2019-11-10T04:25:30Z" finished-at="2019-11-10T04:25:30Z">
          <reporter-output>
          </reporter-output>
        </test-method> <!-- rampDown -->
        <test-method status="PASS" signature="rampUP()[pri:0, instance:mct.testrunner.myTestingTest@6d00a15d]" name="rampUP" is-config="true" duration-ms="5899" started-at="2019-11-10T04:25:30Z" finished-at="2019-11-10T04:25:36Z">
          <reporter-output>
          </reporter-output>
        </test-method> <!-- rampUP -->
        <test-method status="FAIL" signature="signUP()[pri:0, instance:mct.testrunner.myTestingTest@6d00a15d]" name="signUP" duration-ms="7247" started-at="2019-11-10T04:25:36Z" finished-at="2019-11-10T04:25:43Z">
          <exception class="java.lang.AssertionError">
            <message>
              <![CDATA[Failed To FInd Proper Profile Name After Registration expected [true] but found [MR ABC682]]]>
            </message>
            <full-stacktrace>
              <![CDATA[java.lang.AssertionError: Failed To FInd Proper Profile Name After Registration expected [true] but found [MR ABC682]
at org.testng.Assert.fail(Assert.java:96)
at org.testng.Assert.failNotEquals(Assert.java:776)
at org.testng.Assert.assertEqualsImpl(Assert.java:137)
at org.testng.Assert.assertEquals(Assert.java:118)
at mct.testrunner.myTestingTest.signUP(myTestingTest.java:62)
at sun.reflect.NativeMethodAccessorImpl.invoke0(Native Method)
at sun.reflect.NativeMethodAccessorImpl.invoke(NativeMethodAccessorImpl.java:62)
at sun.reflect.DelegatingMethodAccessorImpl.invoke(DelegatingMethodAccessorImpl.java:43)
at java.lang.reflect.Method.invoke(Method.java:498)
at org.testng.internal.MethodInvocationHelper.invokeMethod(MethodInvocationHelper.java:124)
at org.testng.internal.Invoker.invokeMethod(Invoker.java:583)
at org.testng.internal.Invoker.invokeTestMethod(Invoker.java:719)
at org.testng.internal.Invoker.invokeTestMethods(Invoker.java:989)
at org.testng.internal.TestMethodWorker.invokeTestMethods(TestMethodWorker.java:125)
at org.testng.internal.TestMethodWorker.run(TestMethodWorker.java:109)
at org.testng.TestRunner.privateRun(TestRunner.java:648)
at org.testng.TestRunner.run(TestRunner.java:505)
at org.testng.SuiteRunner.runTest(SuiteRunner.java:455)
at org.testng.SuiteRunner.runSequentially(SuiteRunner.java:450)
at org.testng.SuiteRunner.privateRun(SuiteRunner.java:415)
at org.testng.SuiteRunner.run(SuiteRunner.java:364)
at org.testng.SuiteRunnerWorker.runSuite(SuiteRunnerWorker.java:52)
at org.testng.SuiteRunnerWorker.run(SuiteRunnerWorker.java:84)
at org.testng.TestNG.runSuitesSequentially(TestNG.java:1208)
at org.testng.TestNG.runSuitesLocally(TestNG.java:1137)
at org.testng.TestNG.runSuites(TestNG.java:1049)
at org.testng.TestNG.run(TestNG.java:1017)
at org.testng.remote.AbstractRemoteTestNG.run(AbstractRemoteTestNG.java:115)
at org.testng.remote.RemoteTestNG.initAndRun(RemoteTestNG.java:251)
at org.testng.remote.RemoteTestNG.main(RemoteTestNG.java:77)
]]>
            </full-stacktrace>
          </exception> <!-- java.lang.AssertionError -->
          <reporter-output>
          </reporter-output>
        </test-method> <!-- signUP -->
        <test-method status="PASS" signature="rampDown()[pri:0, instance:mct.testrunner.myTestingTest@6d00a15d]" name="rampDown" is-config="true" duration-ms="650" started-at="2019-11-10T04:25:43Z" finished-at="2019-11-10T04:25:44Z">
          <reporter-output>
          </reporter-output>
        </test-method> <!-- rampDown -->
      </class> <!-- mct.testrunner.myTestingTest -->
    </test> <!-- Default test -->
  </suite> <!-- Default suite -->
</testng-results>
